<?xml version="1.0" encoding="utf-8" standalone="no"?>
<!--This file represents the results of running a test suite-->
<test-results name="C:\Documents and Settings\Greg\My Documents\Visual Studio 2008\Projects\mnDAL\mnDAL\bin\Release\mnDAL.dll" total="4" errors="0" failures="0" not-run="0" inconclusive="0" ignored="0" skipped="0" invalid="0" date="2010-05-12" time="22:40:39">
  <environment nunit-version="2.5.5.10112" clr-version="2.0.50727.3053" os-version="Microsoft Windows NT 5.1.2600 Service Pack 2" platform="Win32NT" cwd="C:\Program Files\NUnit 2.5.5\bin\net-2.0" machine-name="GREG_LAPTOP" user="Greg" user-domain="GREG_LAPTOP" />
  <culture-info current-culture="en-GB" current-uiculture="en-US" />
  <test-suite type="Assembly" name="C:\Documents and Settings\Greg\My Documents\Visual Studio 2008\Projects\mnDAL\mnDAL\bin\Release\mnDAL.dll" executed="True" result="Success" success="True" time="1.082" asserts="0">
    <results>
      <test-suite type="Namespace" name="mnDAL" executed="True" result="Success" success="True" time="1.072" asserts="0">
        <results>
          <test-suite type="Namespace" name="Tests" executed="True" result="Success" success="True" time="1.072" asserts="0">
            <results>
              <test-suite type="TestFixture" name="DatabaseTestSuite" executed="True" result="Success" success="True" time="1.072" asserts="0">
                <results>
                  <test-case name="mnDAL.Tests.DatabaseTestSuite.TestCreateDatabaseAdapter" executed="True" result="Success" success="True" time="0.010" asserts="0" />
                  <test-case name="mnDAL.Tests.DatabaseTestSuite.TestDelete" executed="True" result="Success" success="True" time="0.371" asserts="3" />
                  <test-case name="mnDAL.Tests.DatabaseTestSuite.TestFetch" executed="True" result="Success" success="True" time="0.010" asserts="0" />
                  <test-case name="mnDAL.Tests.DatabaseTestSuite.TestInsert" executed="True" result="Success" success="True" time="0.000" asserts="1" />
                </results>
              </test-suite>
            </results>
          </test-suite>
        </results>
      </test-suite>
    </results>
  </test-suite>
</test-results>